<?xml version="1.0" encoding="UTF-8"?>
<testng-results skipped="0" failed="1" ignored="0" total="2" passed="1">
  <reporter-output>
  </reporter-output>
  <suite name="Waether Comparison" duration-ms="36510" started-at="2021-09-09T14:50:52 IST" finished-at="2021-09-09T14:51:28 IST">
    <groups>
    </groups>
    <test name="Regression" duration-ms="36510" started-at="2021-09-09T14:50:52 IST" finished-at="2021-09-09T14:51:28 IST">
      <class name="com.test.WeatherComparisonTest">
        <test-method status="PASS" signature="openBrowser()[pri:0, instance:com.test.WeatherComparisonTest@12028586]" name="openBrowser" is-config="true" duration-ms="12663" started-at="2021-09-09T14:50:52 IST" finished-at="2021-09-09T14:51:04 IST">
          <reporter-output>
          </reporter-output>
        </test-method> <!-- openBrowser -->
        <test-method status="PASS" signature="compareWeatherWithinRange()[pri:1, instance:com.test.WeatherComparisonTest@12028586]" name="compareWeatherWithinRange" duration-ms="8232" started-at="2021-09-09T14:51:04 IST" finished-at="2021-09-09T14:51:13 IST">
          <reporter-output>
          </reporter-output>
        </test-method> <!-- compareWeatherWithinRange -->
        <test-method status="PASS" signature="closeBrowser()[pri:0, instance:com.test.WeatherComparisonTest@12028586]" name="closeBrowser" is-config="true" duration-ms="796" started-at="2021-09-09T14:51:13 IST" finished-at="2021-09-09T14:51:14 IST">
          <reporter-output>
          </reporter-output>
        </test-method> <!-- closeBrowser -->
        <test-method status="PASS" signature="openBrowser()[pri:0, instance:com.test.WeatherComparisonTest@12028586]" name="openBrowser" is-config="true" duration-ms="10358" started-at="2021-09-09T14:51:14 IST" finished-at="2021-09-09T14:51:24 IST">
          <reporter-output>
          </reporter-output>
        </test-method> <!-- openBrowser -->
        <test-method status="FAIL" signature="compareWeatherOutsideRange()[pri:2, instance:com.test.WeatherComparisonTest@12028586]" name="compareWeatherOutsideRange" duration-ms="3583" started-at="2021-09-09T14:51:24 IST" finished-at="2021-09-09T14:51:27 IST">
          <exception class="java.lang.AssertionError">
            <message>
              <![CDATA[Temperature is Outside permissible Range]]>
            </message>
            <full-stacktrace>
              <![CDATA[java.lang.AssertionError: Temperature is Outside permissible Range
at com.test.WeatherComparisonTest.compareWeatherOutsideRange(WeatherComparisonTest.java:58)
at sun.reflect.NativeMethodAccessorImpl.invoke0(Native Method)
at sun.reflect.NativeMethodAccessorImpl.invoke(NativeMethodAccessorImpl.java:62)
at sun.reflect.DelegatingMethodAccessorImpl.invoke(DelegatingMethodAccessorImpl.java:43)
at java.lang.reflect.Method.invoke(Method.java:498)
at org.testng.internal.MethodInvocationHelper.invokeMethod(MethodInvocationHelper.java:133)
at org.testng.internal.TestInvoker.invokeMethod(TestInvoker.java:584)
at org.testng.internal.TestInvoker.invokeTestMethod(TestInvoker.java:172)
at org.testng.internal.MethodRunner.runInSequence(MethodRunner.java:46)
at org.testng.internal.TestInvoker$MethodInvocationAgent.invoke(TestInvoker.java:804)
at org.testng.internal.TestInvoker.invokeTestMethods(TestInvoker.java:145)
at org.testng.internal.TestMethodWorker.invokeTestMethods(TestMethodWorker.java:146)
at org.testng.internal.TestMethodWorker.run(TestMethodWorker.java:128)
at java.util.ArrayList.forEach(ArrayList.java:1259)
at org.testng.TestRunner.privateRun(TestRunner.java:770)
at org.testng.TestRunner.run(TestRunner.java:591)
at org.testng.SuiteRunner.runTest(SuiteRunner.java:402)
at org.testng.SuiteRunner.runSequentially(SuiteRunner.java:396)
at org.testng.SuiteRunner.privateRun(SuiteRunner.java:355)
at org.testng.SuiteRunner.run(SuiteRunner.java:304)
at org.testng.SuiteRunnerWorker.runSuite(SuiteRunnerWorker.java:53)
at org.testng.SuiteRunnerWorker.run(SuiteRunnerWorker.java:96)
at org.testng.TestNG.runSuitesSequentially(TestNG.java:1180)
at org.testng.TestNG.runSuitesLocally(TestNG.java:1102)
at org.testng.TestNG.runSuites(TestNG.java:1032)
at org.testng.TestNG.run(TestNG.java:1000)
at org.apache.maven.surefire.testng.TestNGExecutor.run(TestNGExecutor.java:284)
at org.apache.maven.surefire.testng.TestNGXmlTestSuite.execute(TestNGXmlTestSuite.java:75)
at org.apache.maven.surefire.testng.TestNGProvider.invoke(TestNGProvider.java:119)
at org.apache.maven.surefire.booter.ForkedBooter.runSuitesInProcess(ForkedBooter.java:428)
at org.apache.maven.surefire.booter.ForkedBooter.execute(ForkedBooter.java:162)
at org.apache.maven.surefire.booter.ForkedBooter.run(ForkedBooter.java:562)
at org.apache.maven.surefire.booter.ForkedBooter.main(ForkedBooter.java:548)
]]>
            </full-stacktrace>
          </exception> <!-- java.lang.AssertionError -->
          <reporter-output>
          </reporter-output>
        </test-method> <!-- compareWeatherOutsideRange -->
        <test-method status="PASS" signature="closeBrowser()[pri:0, instance:com.test.WeatherComparisonTest@12028586]" name="closeBrowser" is-config="true" duration-ms="808" started-at="2021-09-09T14:51:28 IST" finished-at="2021-09-09T14:51:28 IST">
          <reporter-output>
          </reporter-output>
        </test-method> <!-- closeBrowser -->
      </class> <!-- com.test.WeatherComparisonTest -->
    </test> <!-- Regression -->
  </suite> <!-- Waether Comparison -->
</testng-results>
