<?xml version="1.0" encoding="UTF-8"?>
<testng-results skipped="0" failed="1" ignored="0" total="2" passed="1">
  <reporter-output>
  </reporter-output>
  <suite name="Waether Comparison" duration-ms="72901" started-at="2021-09-09T14:52:54 IST" finished-at="2021-09-09T14:54:07 IST">
    <groups>
    </groups>
    <test name="Regression" duration-ms="72901" started-at="2021-09-09T14:52:54 IST" finished-at="2021-09-09T14:54:07 IST">
      <class name="com.test.WeatherComparisonTest">
        <test-method status="PASS" signature="openBrowser()[pri:0, instance:com.test.WeatherComparisonTest@6279cee3]" name="openBrowser" is-config="true" duration-ms="29071" started-at="2021-09-09T14:52:54 IST" finished-at="2021-09-09T14:53:23 IST">
          <reporter-output>
          </reporter-output>
        </test-method> <!-- openBrowser -->
        <test-method status="PASS" signature="compareWeatherWithinRange()[pri:1, instance:com.test.WeatherComparisonTest@6279cee3]" name="compareWeatherWithinRange" duration-ms="9008" started-at="2021-09-09T14:53:23 IST" finished-at="2021-09-09T14:53:32 IST">
          <reporter-output>
          </reporter-output>
        </test-method> <!-- compareWeatherWithinRange -->
        <test-method status="PASS" signature="closeBrowser()[pri:0, instance:com.test.WeatherComparisonTest@6279cee3]" name="closeBrowser" is-config="true" duration-ms="980" started-at="2021-09-09T14:53:32 IST" finished-at="2021-09-09T14:53:33 IST">
          <reporter-output>
          </reporter-output>
        </test-method> <!-- closeBrowser -->
        <test-method status="PASS" signature="openBrowser()[pri:0, instance:com.test.WeatherComparisonTest@6279cee3]" name="openBrowser" is-config="true" duration-ms="29786" started-at="2021-09-09T14:53:33 IST" finished-at="2021-09-09T14:54:03 IST">
          <reporter-output>
          </reporter-output>
        </test-method> <!-- openBrowser -->
        <test-method status="FAIL" signature="compareWeatherOutsideRange()[pri:2, instance:com.test.WeatherComparisonTest@6279cee3]" name="compareWeatherOutsideRange" duration-ms="3263" started-at="2021-09-09T14:54:03 IST" finished-at="2021-09-09T14:54:06 IST">
          <exception class="java.lang.AssertionError">
            <message>
              <![CDATA[Temperature is Outside permissible Range]]>
            </message>
            <full-stacktrace>
              <![CDATA[java.lang.AssertionError: Temperature is Outside permissible Range
at com.test.WeatherComparisonTest.compareWeatherOutsideRange(WeatherComparisonTest.java:58)
at sun.reflect.NativeMethodAccessorImpl.invoke0(Native Method)
at sun.reflect.NativeMethodAccessorImpl.invoke(NativeMethodAccessorImpl.java:62)
at sun.reflect.DelegatingMethodAccessorImpl.invoke(DelegatingMethodAccessorImpl.java:43)
at java.lang.reflect.Method.invoke(Method.java:498)
at org.testng.internal.MethodInvocationHelper.invokeMethod(MethodInvocationHelper.java:133)
at org.testng.internal.TestInvoker.invokeMethod(TestInvoker.java:584)
at org.testng.internal.TestInvoker.invokeTestMethod(TestInvoker.java:172)
at org.testng.internal.MethodRunner.runInSequence(MethodRunner.java:46)
at org.testng.internal.TestInvoker$MethodInvocationAgent.invoke(TestInvoker.java:804)
at org.testng.internal.TestInvoker.invokeTestMethods(TestInvoker.java:145)
at org.testng.internal.TestMethodWorker.invokeTestMethods(TestMethodWorker.java:146)
at org.testng.internal.TestMethodWorker.run(TestMethodWorker.java:128)
at java.util.ArrayList.forEach(ArrayList.java:1259)
at org.testng.TestRunner.privateRun(TestRunner.java:770)
at org.testng.TestRunner.run(TestRunner.java:591)
at org.testng.SuiteRunner.runTest(SuiteRunner.java:402)
at org.testng.SuiteRunner.runSequentially(SuiteRunner.java:396)
at org.testng.SuiteRunner.privateRun(SuiteRunner.java:355)
at org.testng.SuiteRunner.run(SuiteRunner.java:304)
at org.testng.SuiteRunnerWorker.runSuite(SuiteRunnerWorker.java:53)
at org.testng.SuiteRunnerWorker.run(SuiteRunnerWorker.java:96)
at org.testng.TestNG.runSuitesSequentially(TestNG.java:1180)
at org.testng.TestNG.runSuitesLocally(TestNG.java:1102)
at org.testng.TestNG.runSuites(TestNG.java:1032)
at org.testng.TestNG.run(TestNG.java:1000)
at org.testng.remote.AbstractRemoteTestNG.run(AbstractRemoteTestNG.java:115)
at org.testng.remote.RemoteTestNG.initAndRun(RemoteTestNG.java:251)
at org.testng.remote.RemoteTestNG.main(RemoteTestNG.java:77)
]]>
            </full-stacktrace>
          </exception> <!-- java.lang.AssertionError -->
          <reporter-output>
          </reporter-output>
        </test-method> <!-- compareWeatherOutsideRange -->
        <test-method status="PASS" signature="closeBrowser()[pri:0, instance:com.test.WeatherComparisonTest@6279cee3]" name="closeBrowser" is-config="true" duration-ms="722" started-at="2021-09-09T14:54:06 IST" finished-at="2021-09-09T14:54:07 IST">
          <reporter-output>
          </reporter-output>
        </test-method> <!-- closeBrowser -->
      </class> <!-- com.test.WeatherComparisonTest -->
    </test> <!-- Regression -->
  </suite> <!-- Waether Comparison -->
</testng-results>
